
> frontend@0.1.0 dev
> next dev --turbopack

   ▲ Next.js 15.5.3 (Turbopack)
   - Local:        http://localhost:3000
   - Network:      http://192.168.29.81:3000
   - Environments: .env.local

 ✓ Starting...
 ✓ Ready in 4.9s
 ○ Compiling / ...
 ✓ Compiled / in 31.1s
 GET / 200 in 33927ms
 GET / 200 in 1710ms
 GET / 200 in 505ms
 ○ Compiling /favicon.ico ...
 ✓ Compiled /favicon.ico in 893ms
 GET /favicon.ico?favicon.0b3bf435.ico 200 in 1425ms
 ○ Compiling /contact ...
 ✓ Compiled /contact in 1473ms
 GET /contact 200 in 1703ms
 ○ Compiling /research-insights ...
 ✓ Compiled /research-insights in 1536ms
 GET /research-insights 200 in 1844ms
 ○ Compiling /services ...
 ✓ Compiled /services in 1121ms
 GET /services 200 in 1335ms
 ○ Compiling /about ...
 ✓ Compiled /about in 1117ms
 GET /about 200 in 1464ms
 GET /about 200 in 278ms
 GET / 200 in 200ms
 ○ Compiling /resources ...
 ✓ Compiled /resources in 1026ms
 GET /resources 200 in 1254ms
 GET /contact 200 in 197ms
 ⚠ Found a change in next.config.ts. Restarting the server to apply the changes...
   ▲ Next.js 15.5.3 (Turbopack)
   - Local:        http://localhost:3000
   - Network:      http://192.168.29.81:3000
   - Environments: .env.local

 ✓ Starting...
 ✓ Ready in 4.9s
